<?xml version="1.0" encoding="UTF-8"?>
<!-- Generated by org.testng.reporters.JUnitXMLReporter -->
<testsuite hostname="DESKTOP-SNDT4RA" ignored="0" name="Default test" tests="4" failures="0" timestamp="11 Dec 2021 13:08:39 GMT" time="0.077" errors="0">
  <testcase name="testMethod2" time="0.008" classname="advanced_testNG.TestNG_DependentTestCases"/>
  <testcase name="testMethod1" time="0.002" classname="advanced_testNG.TestNG_DependentTestCases"/>
  <testcase name="testMethod3" time="0.003" classname="advanced_testNG.TestNG_DependentTestCases"/>
  <testcase name="testMethod4" time="0.002" classname="advanced_testNG.TestNG_DependentTestCases"/>
</testsuite> <!-- Default test -->
