<?xml version="1.0" encoding="UTF-8"?>
<!-- Generated by org.testng.reporters.JUnitXMLReporter -->
<testsuite hostname="DESKTOP-SNDT4RA" ignored="0" name="Application 1 Test" tests="2" failures="1" timestamp="21 Mar 2022 06:03:20 GMT" time="0.339" errors="0">
  <testcase name="testMethod1" time="0.034" classname="listeners_TestNG.TestNGListenersTest3"/>
  <testcase name="testMethod2" time="0.031" classname="listeners_TestNG.TestNGListenersTest3">
    <failure type="java.lang.AssertionError" message="expected [true] but found [false]">
      <![CDATA[java.lang.AssertionError: expected [true] but found [false]
at listeners_TestNG.TestNGListenersTest3.testMethod2(TestNGListenersTest3.java:17)
... Removed 29 stack frames]]>
    </failure>
  </testcase> <!-- testMethod2 -->
</testsuite> <!-- Application 1 Test -->
