<?xml version="1.0" encoding="UTF-8"?>
<!-- Generated by org.testng.reporters.JUnitXMLReporter -->
<testsuite hostname="DESKTOP-SNDT4RA" ignored="4" name="Test" tests="4" failures="0" timestamp="2022-06-05T13:13:56 IST" time="0.197" errors="0">
  <testcase name="testMethod1" time="0.019" classname="regressionsuite_testNG.TestClass1"/>
  <testcase name="testMethod2" time="0.005" classname="regressionsuite_testNG.TestClass1"/>
  <testcase name="testMethod1" time="0.011" classname="regressionsuite_testNG.TestClass2"/>
  <testcase name="testMethod2" time="0.003" classname="regressionsuite_testNG.TestClass2"/>
  <testcase name="@BeforeSuite beforeSuite" time="0.0" classname="base_testNG.BaseTestSuite">
    <ignored/>
  </testcase> <!-- @BeforeSuite beforeSuite -->
  <testcase name="@AfterTest afterTest" time="0.0" classname="base_testNG.BaseTestSuite">
    <ignored/>
  </testcase> <!-- @AfterTest afterTest -->
  <testcase name="@BeforeTest beforeTest" time="0.0" classname="base_testNG.BaseTestSuite">
    <ignored/>
  </testcase> <!-- @BeforeTest beforeTest -->
  <testcase name="@AfterSuite afterSuite" time="0.0" classname="base_testNG.BaseTestSuite">
    <ignored/>
  </testcase> <!-- @AfterSuite afterSuite -->
</testsuite> <!-- Test -->
