<?xml version="1.0" encoding="UTF-8"?>
<!-- Generated by org.testng.reporters.JUnitXMLReporter -->
<testsuite hostname="DESKTOP-SNDT4RA" ignored="0" name="Reports Test" tests="3" failures="1" timestamp="21 Mar 2022 06:36:52 GMT" time="0.129" errors="0">
  <testcase name="testMethod2" time="0.019" classname="reporterlogs_htmlreports_testNG.ReportsAndLogs">
    <failure type="java.lang.AssertionError" message="expected [true] but found [false]">
      <![CDATA[java.lang.AssertionError: expected [true] but found [false]
at reporterlogs_htmlreports_testNG.ReportsAndLogs.testMethod2(ReportsAndLogs.java:22)
... Removed 29 stack frames]]>
    </failure>
  </testcase> <!-- testMethod2 -->
  <testcase name="testMethod1" time="0.002" classname="reporterlogs_htmlreports_testNG.ReportsAndLogs"/>
  <testcase name="testMethod3" time="0.0" classname="reporterlogs_htmlreports_testNG.ReportsAndLogs">
    <skipped/>
  </testcase> <!-- testMethod3 -->
</testsuite> <!-- Reports Test -->
