<?xml version="1.0" encoding="UTF-8"?>
<!-- Generated by org.testng.reporters.JUnitXMLReporter -->
<testsuite hostname="DESKTOP-SNDT4RA" ignored="2" name="Application Test" tests="4" failures="0" timestamp="11 Oct 2020 19:02:48 GMT" time="0.081" errors="0">
  <testcase name="testMethod1" time="0.006" classname="regressionsuite_testNG.TestClass1"/>
  <testcase name="testMethod2" time="0.004" classname="regressionsuite_testNG.TestClass1"/>
  <testcase name="testMethod1" time="0.003" classname="regressionsuite_testNG.TestClass2"/>
  <testcase name="testMethod2" time="0.002" classname="regressionsuite_testNG.TestClass2"/>
  <testcase name="@BeforeSuite beforeSuite" time="0.0" classname="base_testNG.BaseTestSuite">
    <ignored/>
  </testcase> <!-- @BeforeSuite beforeSuite -->
  <testcase name="@AfterSuite afterSuite" time="0.0" classname="base_testNG.BaseTestSuite">
    <ignored/>
  </testcase> <!-- @AfterSuite afterSuite -->
</testsuite> <!-- Application Test -->
