<?xml version="1.0" encoding="UTF-8"?>
<!-- Generated by org.testng.reporters.JUnitXMLReporter -->
<testsuite hostname="DESKTOP-SNDT4RA" ignored="0" name="Application Test" tests="4" failures="0" timestamp="2022-06-05T14:23:57 IST" time="0.16" errors="0">
  <testcase name="testMethod1" time="0.008" classname="testclasses_testNG.TestClass1"/>
  <testcase name="testMethod2" time="0.0" classname="testclasses_testNG.TestClass1"/>
  <testcase name="testMethod1" time="0.0" classname="testclasses_testNG.TestClass2"/>
  <testcase name="testMethod2" time="0.008" classname="testclasses_testNG.TestClass2"/>
</testsuite> <!-- Application Test -->
