<?xml version="1.0" encoding="UTF-8"?>
<!-- Generated by org.testng.reporters.JUnitXMLReporter -->
<testsuite hostname="DESKTOP-SNDT4RA" ignored="2" name="GroupsDemo" tests="2" failures="0" timestamp="26 Apr 2021 11:11:42 GMT" time="0.06" errors="0">
  <testcase name="testMarutiSuzukiCiaz" time="0.008" classname="advanced_testNG.TestNG_Grouping"/>
  <testcase name="testTataNexon" time="0.003" classname="advanced_testNG.TestNG_Grouping"/>
  <testcase name="testBajajCT100" time="0.0" classname="advanced_testNG.TestNG_Grouping">
    <ignored/>
  </testcase> <!-- testBajajCT100 -->
  <testcase name="testHondaCD110Dream" time="0.0" classname="advanced_testNG.TestNG_Grouping">
    <ignored/>
  </testcase> <!-- testHondaCD110Dream -->
</testsuite> <!-- GroupsDemo -->
