<?xml version="1.0" encoding="UTF-8"?>
<testng-results skipped="0" failed="0" ignored="0" total="1" passed="1">
  <reporter-output>
  </reporter-output>
  <suite name="Default suite" duration-ms="44351" started-at="2022-06-05T18:08:27 IST" finished-at="2022-06-05T18:09:12 IST">
    <groups>
    </groups>
    <test name="Default test" duration-ms="44351" started-at="2022-06-05T18:08:27 IST" finished-at="2022-06-05T18:09:12 IST">
      <class name="crossbrowsertesting_seleniumgrid2.SeleniumGrid_ParallelTest">
        <test-method status="PASS" signature="setUp()[pri:0, instance:crossbrowsertesting_seleniumgrid2.SeleniumGrid_ParallelTest@6b19b79]" name="setUp" is-config="true" duration-ms="25299" started-at="2022-06-05T18:08:27 IST" finished-at="2022-06-05T18:08:53 IST">
          <reporter-output>
          </reporter-output>
        </test-method> <!-- setUp -->
        <test-method status="PASS" signature="test()[pri:0, instance:crossbrowsertesting_seleniumgrid2.SeleniumGrid_ParallelTest@6b19b79]" name="test" duration-ms="12402" started-at="2022-06-05T18:08:53 IST" finished-at="2022-06-05T18:09:05 IST">
          <reporter-output>
          </reporter-output>
        </test-method> <!-- test -->
        <test-method status="PASS" signature="tearDown()[pri:0, instance:crossbrowsertesting_seleniumgrid2.SeleniumGrid_ParallelTest@6b19b79]" name="tearDown" is-config="true" duration-ms="6407" started-at="2022-06-05T18:09:05 IST" finished-at="2022-06-05T18:09:12 IST">
          <reporter-output>
          </reporter-output>
        </test-method> <!-- tearDown -->
      </class> <!-- crossbrowsertesting_seleniumgrid2.SeleniumGrid_ParallelTest -->
    </test> <!-- Default test -->
  </suite> <!-- Default suite -->
</testng-results>
