<?xml version="1.0" encoding="UTF-8"?>
<!-- Generated by org.testng.reporters.JUnitXMLReporter -->
<testsuite hostname="DESKTOP-SNDT4RA" ignored="0" name="Test1" tests="4" failures="0" timestamp="27 Apr 2021 10:14:17 GMT" time="0.468" errors="0">
  <testcase name="testMethod1" time="0.015" classname="advanced_testNG.TestNG_Preserve2"/>
  <testcase name="testMethod2" time="0.202" classname="advanced_testNG.TestNG_Preserve2"/>
  <testcase name="testMethod1" time="0.003" classname="advanced_testNG.TestNG_Preserve1"/>
  <testcase name="testMethod2" time="0.205" classname="advanced_testNG.TestNG_Preserve1"/>
</testsuite> <!-- Test1 -->
