<?xml version="1.0" encoding="UTF-8"?>
<!-- Generated by org.testng.reporters.JUnitXMLReporter -->
<testsuite hostname="DESKTOP-SNDT4RA" ignored="0" name="Test2" tests="4" failures="0" timestamp="27 Apr 2021 10:13:42 GMT" time="0.449" errors="0">
  <testcase name="testMethod1" time="0.002" classname="advanced_testNG.TestNG_Preserve2"/>
  <testcase name="testMethod2" time="0.202" classname="advanced_testNG.TestNG_Preserve2"/>
  <testcase name="testMethod1" time="0.018" classname="advanced_testNG.TestNG_Preserve1"/>
  <testcase name="testMethod2" time="0.206" classname="advanced_testNG.TestNG_Preserve1"/>
</testsuite> <!-- Test2 -->
