<?xml version="1.0" encoding="UTF-8"?>
<!-- Generated by org.testng.reporters.JUnitXMLReporter -->
<testsuite hostname="DESKTOP-SNDT4RA" ignored="0" name="Application Test" tests="2" failures="1" timestamp="03 Mar 2022 12:25:02 GMT" time="0.107" errors="0">
  <testcase name="testMethod1" time="0.013" classname="listeners_TestNG.TestNGListenersTest1"/>
  <testcase name="testMethod2" time="0.005" classname="listeners_TestNG.TestNGListenersTest1">
    <failure type="java.lang.AssertionError" message="expected [true] but found [false]">
      <![CDATA[java.lang.AssertionError: expected [true] but found [false]
at listeners_TestNG.TestNGListenersTest1.testMethod2(TestNGListenersTest1.java:19)
... Removed 29 stack frames]]>
    </failure>
  </testcase> <!-- testMethod2 -->
</testsuite> <!-- Application Test -->
